0 info it worked if it ends with ok
1 verbose cli [ 'C:\\Program Files\\nodejs\\node.exe',
1 verbose cli   'C:\\Program Files\\nodejs\\node_modules\\npm\\bin\\npm-cli.js',
1 verbose cli   'install',
1 verbose cli   'kue',
1 verbose cli   '-',
1 verbose cli   'save' ]
2 info using npm@2.15.5
3 info using node@v4.4.5
4 verbose install initial load of D:\cawed\package.json
5 warn package.json CA-webApp@0.0.1 No repository field.
6 warn package.json CA-webApp@0.0.1 No README data
7 warn package.json CA-webApp@0.0.1 No license field.
8 verbose installManyTop reading scoped package data from D:\cawed\node_modules\azure-storage\package.json
9 verbose installManyTop reading scoped package data from D:\cawed\node_modules\bcrypt-nodejs\package.json
10 verbose installManyTop reading scoped package data from D:\cawed\node_modules\bluebird\package.json
11 verbose installManyTop reading scoped package data from D:\cawed\node_modules\body-parser\package.json
12 verbose installManyTop reading scoped package data from D:\cawed\node_modules\cookie-parser\package.json
13 verbose installManyTop reading scoped package data from D:\cawed\node_modules\express\package.json
14 verbose installManyTop reading scoped package data from D:\cawed\node_modules\fs\package.json
15 verbose installManyTop reading scoped package data from D:\cawed\node_modules\http\package.json
16 verbose installManyTop reading scoped package data from D:\cawed\node_modules\jsonwebtoken\package.json
17 verbose installManyTop reading scoped package data from D:\cawed\node_modules\kue\package.json
18 verbose installManyTop reading scoped package data from D:\cawed\node_modules\migrate\package.json
19 verbose installManyTop reading scoped package data from D:\cawed\node_modules\moment\package.json
20 verbose installManyTop reading scoped package data from D:\cawed\node_modules\mongoose\package.json
21 verbose installManyTop reading scoped package data from D:\cawed\node_modules\morgan\package.json
22 verbose installManyTop reading scoped package data from D:\cawed\node_modules\multer\package.json
23 verbose installManyTop reading scoped package data from D:\cawed\node_modules\mysql\package.json
24 verbose installManyTop reading scoped package data from D:\cawed\node_modules\q\package.json
25 verbose installManyTop reading scoped package data from D:\cawed\node_modules\request\package.json
26 verbose installManyTop reading scoped package data from D:\cawed\node_modules\sendgrid\package.json
27 verbose installManyTop reading scoped package data from D:\cawed\node_modules\socket.io\package.json
28 verbose installManyTop reading scoped package data from D:\cawed\node_modules\swig\package.json
29 info package.json fs@0.0.2 fs is also the name of a node core module.
30 info package.json fs@0.0.2 No description
31 info package.json fs@0.0.2 No repository field.
32 info package.json fs@0.0.2 No README data
33 info package.json http@0.0.0 http is also the name of a node core module.
34 info package.json http@0.0.0 No description
35 info package.json http@0.0.0 No repository field.
36 info package.json http@0.0.0 No README data
37 info package.json bcrypt-nodejs@0.0.3 No license field.
38 info package.json migrate@0.2.2 No license field.
39 info package.json q@1.4.1 license should be a valid SPDX license expression
40 verbose readDependencies loading dependencies from D:\cawed\package.json
41 verbose install kue is installed as 0.11.1
42 silly cache add args [ 'kue@^0.11.1', null ]
43 verbose cache add spec kue@^0.11.1
44 silly cache add args [ '-', null ]
45 verbose cache add spec -
46 silly cache add args [ 'save', null ]
47 verbose cache add spec save
48 silly cache add parsed spec Result {
48 silly cache add   raw: 'kue@^0.11.1',
48 silly cache add   scope: null,
48 silly cache add   name: 'kue',
48 silly cache add   rawSpec: '^0.11.1',
48 silly cache add   spec: '>=0.11.1 <0.12.0',
48 silly cache add   type: 'range' }
49 silly addNamed kue@>=0.11.1 <0.12.0
50 verbose addNamed ">=0.11.1 <0.12.0" is a valid semver range for kue
51 silly addNameRange { name: 'kue', range: '>=0.11.1 <0.12.0', hasData: false }
52 silly mapToRegistry name kue
53 silly mapToRegistry using default registry
54 silly mapToRegistry registry https://registry.npmjs.org/
55 silly mapToRegistry data Result {
55 silly mapToRegistry   raw: 'kue',
55 silly mapToRegistry   scope: null,
55 silly mapToRegistry   name: 'kue',
55 silly mapToRegistry   rawSpec: '',
55 silly mapToRegistry   spec: 'latest',
55 silly mapToRegistry   type: 'tag' }
56 silly mapToRegistry uri https://registry.npmjs.org/kue
57 verbose addNameRange registry:https://registry.npmjs.org/kue not in flight; fetching
58 silly cache add parsed spec Result {
58 silly cache add   raw: '-',
58 silly cache add   scope: null,
58 silly cache add   name: null,
58 silly cache add   rawSpec: '-',
58 silly cache add   spec: 'D:\\cawed\\-',
58 silly cache add   type: 'local' }
59 silly cache add parsed spec Result {
59 silly cache add   raw: 'save',
59 silly cache add   scope: null,
59 silly cache add   name: 'save',
59 silly cache add   rawSpec: '',
59 silly cache add   spec: 'latest',
59 silly cache add   type: 'tag' }
60 silly addNamed save@latest
61 verbose addNamed "latest" is being treated as a dist-tag for save
62 info addNameTag [ 'save', 'latest' ]
63 silly mapToRegistry name save
64 silly mapToRegistry using default registry
65 silly mapToRegistry registry https://registry.npmjs.org/
66 silly mapToRegistry data Result {
66 silly mapToRegistry   raw: 'save',
66 silly mapToRegistry   scope: null,
66 silly mapToRegistry   name: 'save',
66 silly mapToRegistry   rawSpec: '',
66 silly mapToRegistry   spec: 'latest',
66 silly mapToRegistry   type: 'tag' }
67 silly mapToRegistry uri https://registry.npmjs.org/save
68 verbose addNameTag registry:https://registry.npmjs.org/save not in flight; fetching
69 error addLocal Could not install D:\cawed\-
70 verbose request uri https://registry.npmjs.org/kue
71 verbose request no auth needed
72 info attempt registry request try #1 at 8:29:19 AM
73 verbose request id 45d209dffe24ce77
74 verbose etag "7CXEWLTAAPYKHFJUZEWEH0SC1"
75 http request GET https://registry.npmjs.org/kue
76 verbose request uri https://registry.npmjs.org/save
77 verbose request no auth needed
78 info attempt registry request try #1 at 8:29:19 AM
79 verbose etag "6DEQ55OQWC3YE05VRYI5EOMX3"
80 http request GET https://registry.npmjs.org/save
81 http 304 https://registry.npmjs.org/kue
82 verbose headers { date: 'Wed, 06 Jul 2016 02:59:18 GMT',
82 verbose headers   via: '1.1 varnish',
82 verbose headers   'cache-control': 'max-age=300',
82 verbose headers   etag: '"7CXEWLTAAPYKHFJUZEWEH0SC1"',
82 verbose headers   age: '51',
82 verbose headers   connection: 'keep-alive',
82 verbose headers   'x-served-by': 'cache-sin6920-SIN',
82 verbose headers   'x-cache': 'HIT',
82 verbose headers   'x-cache-hits': '1',
82 verbose headers   'x-timer': 'S1467773958.245363,VS0,VE0',
82 verbose headers   vary: 'Accept-Encoding' }
83 silly get cb [ 304,
83 silly get   { date: 'Wed, 06 Jul 2016 02:59:18 GMT',
83 silly get     via: '1.1 varnish',
83 silly get     'cache-control': 'max-age=300',
83 silly get     etag: '"7CXEWLTAAPYKHFJUZEWEH0SC1"',
83 silly get     age: '51',
83 silly get     connection: 'keep-alive',
83 silly get     'x-served-by': 'cache-sin6920-SIN',
83 silly get     'x-cache': 'HIT',
83 silly get     'x-cache-hits': '1',
83 silly get     'x-timer': 'S1467773958.245363,VS0,VE0',
83 silly get     vary: 'Accept-Encoding' } ]
84 verbose etag https://registry.npmjs.org/kue from cache
85 verbose get saving kue to C:\Users\lenovo\AppData\Roaming\npm-cache\registry.npmjs.org\kue\.cache.json
86 verbose correctMkdir C:\Users\lenovo\AppData\Roaming\npm-cache correctMkdir not in flight; initializing
87 silly addNameRange number 2 { name: 'kue', range: '>=0.11.1 <0.12.0', hasData: true }
88 silly addNameRange versions [ 'kue',
88 silly addNameRange   [ '0.0.1',
88 silly addNameRange     '0.0.2',
88 silly addNameRange     '0.0.3',
88 silly addNameRange     '0.0.4',
88 silly addNameRange     '0.1.0',
88 silly addNameRange     '0.2.0',
88 silly addNameRange     '0.3.0',
88 silly addNameRange     '0.3.1',
88 silly addNameRange     '0.3.2',
88 silly addNameRange     '0.3.3',
88 silly addNameRange     '0.3.4',
88 silly addNameRange     '0.4.0',
88 silly addNameRange     '0.4.1',
88 silly addNameRange     '0.4.2',
88 silly addNameRange     '0.5.0',
88 silly addNameRange     '0.6.0',
88 silly addNameRange     '0.6.1',
88 silly addNameRange     '0.6.2',
88 silly addNameRange     '0.7.0',
88 silly addNameRange     '0.7.1',
88 silly addNameRange     '0.7.2',
88 silly addNameRange     '0.7.3',
88 silly addNameRange     '0.7.4',
88 silly addNameRange     '0.7.5',
88 silly addNameRange     '0.7.7',
88 silly addNameRange     '0.7.8',
88 silly addNameRange     '0.7.9',
88 silly addNameRange     '0.8.0',
88 silly addNameRange     '0.8.1',
88 silly addNameRange     '0.8.2',
88 silly addNameRange     '0.8.3',
88 silly addNameRange     '0.8.4',
88 silly addNameRange     '0.8.5',
88 silly addNameRange     '0.8.6',
88 silly addNameRange     '0.8.7',
88 silly addNameRange     '0.8.8',
88 silly addNameRange     '0.8.9',
88 silly addNameRange     '0.8.10',
88 silly addNameRange     '0.8.11',
88 silly addNameRange     '0.8.12',
88 silly addNameRange     '0.9.0',
88 silly addNameRange     '0.9.1',
88 silly addNameRange     '0.9.2',
88 silly addNameRange     '0.9.3',
88 silly addNameRange     '0.9.4',
88 silly addNameRange     '0.9.5',
88 silly addNameRange     '0.9.6',
88 silly addNameRange     '0.10.0',
88 silly addNameRange     '0.10.1',
88 silly addNameRange     '0.10.2',
88 silly addNameRange     '0.10.3',
88 silly addNameRange     '0.10.4',
88 silly addNameRange     '0.10.5',
88 silly addNameRange     '0.11.0',
88 silly addNameRange     '0.11.1' ] ]
89 silly addNamed kue@0.11.1
90 verbose addNamed "0.11.1" is a plain semver version for kue
91 silly cache afterAdd kue@0.11.1
92 verbose afterAdd C:\Users\lenovo\AppData\Roaming\npm-cache\kue\0.11.1\package\package.json not in flight; writing
93 verbose correctMkdir C:\Users\lenovo\AppData\Roaming\npm-cache correctMkdir not in flight; initializing
94 verbose afterAdd C:\Users\lenovo\AppData\Roaming\npm-cache\kue\0.11.1\package\package.json written
95 http 304 https://registry.npmjs.org/save
96 verbose headers { date: 'Wed, 06 Jul 2016 02:59:18 GMT',
96 verbose headers   via: '1.1 varnish',
96 verbose headers   'cache-control': 'max-age=300',
96 verbose headers   etag: '"6DEQ55OQWC3YE05VRYI5EOMX3"',
96 verbose headers   age: '0',
96 verbose headers   connection: 'keep-alive',
96 verbose headers   'x-served-by': 'cache-sin6926-SIN',
96 verbose headers   'x-cache': 'MISS',
96 verbose headers   'x-cache-hits': '0',
96 verbose headers   'x-timer': 'S1467773958.253021,VS0,VE240',
96 verbose headers   vary: 'Accept-Encoding' }
97 silly get cb [ 304,
97 silly get   { date: 'Wed, 06 Jul 2016 02:59:18 GMT',
97 silly get     via: '1.1 varnish',
97 silly get     'cache-control': 'max-age=300',
97 silly get     etag: '"6DEQ55OQWC3YE05VRYI5EOMX3"',
97 silly get     age: '0',
97 silly get     connection: 'keep-alive',
97 silly get     'x-served-by': 'cache-sin6926-SIN',
97 silly get     'x-cache': 'MISS',
97 silly get     'x-cache-hits': '0',
97 silly get     'x-timer': 'S1467773958.253021,VS0,VE240',
97 silly get     vary: 'Accept-Encoding' } ]
98 verbose etag https://registry.npmjs.org/save from cache
99 verbose get saving save to C:\Users\lenovo\AppData\Roaming\npm-cache\registry.npmjs.org\save\.cache.json
100 verbose correctMkdir C:\Users\lenovo\AppData\Roaming\npm-cache correctMkdir not in flight; initializing
101 silly addNameTag next cb for save with tag latest
102 silly addNamed save@2.3.0
103 verbose addNamed "2.3.0" is a plain semver version for save
104 silly cache afterAdd save@2.3.0
105 verbose afterAdd C:\Users\lenovo\AppData\Roaming\npm-cache\save\2.3.0\package\package.json not in flight; writing
106 verbose correctMkdir C:\Users\lenovo\AppData\Roaming\npm-cache correctMkdir not in flight; initializing
107 verbose afterAdd C:\Users\lenovo\AppData\Roaming\npm-cache\save\2.3.0\package\package.json written
108 verbose stack Error: ENOENT: no such file or directory, open 'D:\cawed\-'
108 verbose stack     at Error (native)
109 verbose cwd D:\cawed
110 error Windows_NT 6.3.9600
111 error argv "C:\\Program Files\\nodejs\\node.exe" "C:\\Program Files\\nodejs\\node_modules\\npm\\bin\\npm-cli.js" "install" "kue" "-" "save"
112 error node v4.4.5
113 error npm  v2.15.5
114 error path D:\cawed\-
115 error code ENOENT
116 error errno -4058
117 error syscall open
118 error enoent ENOENT: no such file or directory, open 'D:\cawed\-'
118 error enoent This is most likely not a problem with npm itself
118 error enoent and is related to npm not being able to find a file.
119 verbose exit [ -4058, true ]
